[11/04/2022 16:11:33] Debug: Session id: d5083a81-158a-46d1-9d85-59d82d890856
[11/04/2022 16:11:33] Debug: Code Processor information: Name :SnowConvert, Version: 11.0.39.0
[11/04/2022 16:11:34] Debug: Getting license
[11/04/2022 16:11:34] Debug: License information
	Status: Failed
	Message: No active license available.
[11/04/2022 16:11:34] Info: Starting to validate parameters
[11/04/2022 16:11:34] Info: Parameters to validate: 
	Execution mode: Conversion
	LICENSE_KEY: a3372138-b87e-4a08-b929-3b48b24c63f1
[11/04/2022 16:11:34] Info: Validation of parameters: Success
[11/04/2022 16:11:34] Debug: Getting code descriptor
[11/04/2022 16:11:34] Debug: Code descriptor information
	Units: 51
	Units type: LOC
	All file bytes: 2141
	All found extensions: .sql,.dml,.ddl,.bteq,.btq,.fl,.fload,.ml,.mload,.mld,.tp,.tpump,.tpt
[11/04/2022 16:11:34] Debug: Calculating fingerprint
[11/04/2022 16:11:34] Debug: Fingerprint information Fingerprint(size=2141,projects=1)
[11/04/2022 16:11:34] Info: Starting to try to validate online license for execution
[11/04/2022 16:11:36] Debug: Getting license
[11/04/2022 16:11:36] Debug: License information
	Status: Failed
	Message: No active license available.
[11/04/2022 16:11:36] Debug: Starting the execution of the controller
[11/04/2022 16:11:37] Debug: Executing the worker: SnowConvert
[11/04/2022 16:11:51] Debug: Finished executing the worker: SnowConvert
[11/04/2022 16:11:53] Info: Controller execution ended
